生成启动时间为 2016/5/21 10:54:24。
     1>项目“F:\c++\程序例子\pi\std问题.vcxproj”在节点 2 上(build 个目标)。
     1>InitializeBuildStatus:
         正在创建“.\Debug\std问题.unsuccessfulbuild”，因为已指定“AlwaysCreate”。
       ClCompile:
         D:\Program Files (x86)\Microsoft Visual Studio 10.0\VC\bin\CL.exe /c /ZI /nologo /W3 /WX- /Od /Oy- /D WIN32 /D _DEBUG /D _CONSOLE /D _VC80_UPGRADE=0x0600 /D _MBCS /Gm /EHsc /RTC1 /MTd /GS /Gy- /fp:precise /Zc:wchar_t /Zc:forScope /Fo".\Debug\\" /Fd".\Debug\vc100.pdb" /Gd /TP /analyze- /errorReport:prompt "std问题.cpp"
         std问题.cpp
       ManifestResourceCompile:
         所有输出均为最新。
       Link:
         D:\Program Files (x86)\Microsoft Visual Studio 10.0\VC\bin\link.exe /ERRORREPORT:PROMPT /OUT:".\Debug\std问题.exe" /INCREMENTAL /NOLOGO odbc32.lib odbccp32.lib kernel32.lib user32.lib gdi32.lib winspool.lib comdlg32.lib advapi32.lib shell32.lib ole32.lib oleaut32.lib uuid.lib odbc32.lib odbccp32.lib /MANIFEST /ManifestFile:".\Debug\std问题.exe.intermediate.manifest" /MANIFESTUAC:"level='asInvoker' uiAccess='false'" /DEBUG /PDB:"F:\c++\程序例子\pi\Debug\std问题.pdb" /SUBSYSTEM:CONSOLE /TLBID:1 /DYNAMICBASE /NXCOMPAT /IMPLIB:".\Debug\std问题.lib" /MACHINE:X86 ".\Debug\std问题.exe.embed.manifest.res"
         ".\Debug\std问题.obj"
       Manifest:
         C:\Program Files (x86)\Microsoft SDKs\Windows\v7.0A\bin\mt.exe /nologo /verbose /out:".\Debug\std问题.exe.embed.manifest" /manifest ".\Debug\std问题.exe.intermediate.manifest"
         所有输出均为最新。
       LinkEmbedManifest:
         所有输出均为最新。
         std问题.vcxproj -> F:\c++\程序例子\pi\.\Debug\std问题.exe
       FinalizeBuildStatus:
         正在删除文件“.\Debug\std问题.unsuccessfulbuild”。
         正在对“.\Debug\std问题.lastbuildstate”执行 Touch 任务。
     1>已完成生成项目“F:\c++\程序例子\pi\std问题.vcxproj”(build 个目标)的操作。

生成成功。

已用时间 00:00:01.51
